#
# There is insufficient memory for the Java Runtime Environment to continue.
# Native memory allocation (malloc) failed to allocate 664656 bytes. Error detail: Chunk::new
# Possible reasons:
#   The system is out of physical RAM or swap space
#   This process is running with CompressedOops enabled, and the Java Heap may be blocking the growth of the native heap
# Possible solutions:
#   Reduce memory load on the system
#   Increase physical memory or swap space
#   Check if swap backing store is full
#   Decrease Java heap size (-Xmx/-Xms)
#   Decrease number of Java threads
#   Decrease Java thread stack sizes (-Xss)
#   Set larger code cache with -XX:ReservedCodeCacheSize=
#   JVM is running with Zero Based Compressed Oops mode in which the Java heap is
#     placed in the first 32GB address space. The Java Heap base address is the
#     maximum limit for the native heap growth. Please use -XX:HeapBaseMinAddress
#     to set the Java Heap base and to place the Java Heap above 32GB virtual address.
# This output file may be truncated or incomplete.
#
#  Out of Memory Error (arena.cpp:150), pid=13352, tid=27544
#
# JRE version: Java(TM) SE Runtime Environment (22.0.2+9) (build 22.0.2+9-70)
# Java VM: Java HotSpot(TM) 64-Bit Server VM (22.0.2+9-70, mixed mode, sharing, tiered, compressed oops, compressed class ptrs, g1 gc, windows-amd64)
# No core dump will be written. Minidumps are not enabled by default on client versions of Windows
#

---------------  S U M M A R Y ------------

Command Line: -Dclassworlds.conf=C:\ProgramData\chocolatey\lib\maven\apache-maven-3.9.9\bin\m2.conf -Dmaven.home=C:\ProgramData\chocolatey\lib\maven\apache-maven-3.9.9 -Dlibrary.jansi.path=C:\ProgramData\chocolatey\lib\maven\apache-maven-3.9.9\lib\jansi-native -Dmaven.multiModuleProjectDirectory=C:\Users\Admin\Downloads\javarpg-main\javarpg-main org.codehaus.plexus.classworlds.launcher.Launcher exec:java

Host: AMD Ryzen 7 7735HS with Radeon Graphics        , 16 cores, 15G,  Windows 11 , 64 bit Build 26100 (10.0.26100.3037)
Time: Thu Mar  6 06:47:11 2025 Bangladesh Standard Time elapsed time: 103.428280 seconds (0d 0h 1m 43s)

---------------  T H R E A D  ---------------

Current thread (0x00000268fced4db0):  JavaThread "C2 CompilerThread0" daemon [_thread_in_native, id=27544, stack(0x000000dfcbe00000,0x000000dfcbf00000) (1024K)]


Current CompileTask:
C2:103428 8827       4       com.sun.javafx.sg.prism.NodeEffectInput::filter (225 bytes)

Stack: [0x000000dfcbe00000,0x000000dfcbf00000]
Native frames: (J=compiled Java code, j=interpreted, Vv=VM code, C=native code)
V  [jvm.dll+0x6e26e9]  (no source info available)
V  [jvm.dll+0x875753]  (no source info available)
V  [jvm.dll+0x877b7e]  (no source info available)
V  [jvm.dll+0x878253]  (no source info available)
V  [jvm.dll+0x27fc86]  (no source info available)
V  [jvm.dll+0xc3d0f]  (no source info available)
V  [jvm.dll+0xc3f6b]  (no source info available)
V  [jvm.dll+0x3bb442]  (no source info available)
V  [jvm.dll+0x1df4ac]  (no source info available)
V  [jvm.dll+0x24793c]  (no source info available)
V  [jvm.dll+0x246e9f]  (no source info available)
V  [jvm.dll+0x1c4e80]  (no source info available)
V  [jvm.dll+0x2568f3]  (no source info available)
V  [jvm.dll+0x254baa]  (no source info available)
V  [jvm.dll+0x3f57a6]  (no source info available)
V  [jvm.dll+0x81dc0b]  (no source info available)
V  [jvm.dll+0x6e0d85]  (no source info available)
C  [ucrtbase.dll+0x37b0]  (no source info available)
C  [KERNEL32.DLL+0x2e8d7]  (no source info available)
C  [ntdll.dll+0xbbf2c]  (no source info available)


---------------  P R O C E S S  ---------------

Threads class SMR info:
_java_thread_list=0x00000268d12737e0, length=21, elements={
0x00000268db552c90, 0x00000268fceaf4d0, 0x00000268fceaff30, 0x00000268fcebbdc0,
0x00000268fcec0cd0, 0x00000268fcec1d10, 0x00000268fcec8810, 0x00000268fced4db0,
0x00000268c5148090, 0x00000268fcec9bc0, 0x00000268fcec6740, 0x00000268fcec9530,
0x00000268fcec8180, 0x00000268c8686390, 0x00000268c86842c0, 0x00000268c8684950,
0x00000268c8682f10, 0x00000268c8685d00, 0x00000268c7f89bd0, 0x00000268c7f88820,
0x00000268c7f89540
}

Java Threads: ( => current thread )
  0x00000268db552c90 JavaThread "main"                              [_thread_blocked, id=9432, stack(0x000000dfcb000000,0x000000dfcb100000) (1024K)]
  0x00000268fceaf4d0 JavaThread "Reference Handler"          daemon [_thread_blocked, id=8232, stack(0x000000dfcb800000,0x000000dfcb900000) (1024K)]
  0x00000268fceaff30 JavaThread "Finalizer"                  daemon [_thread_blocked, id=8868, stack(0x000000dfcb900000,0x000000dfcba00000) (1024K)]
  0x00000268fcebbdc0 JavaThread "Signal Dispatcher"          daemon [_thread_blocked, id=11164, stack(0x000000dfcba00000,0x000000dfcbb00000) (1024K)]
  0x00000268fcec0cd0 JavaThread "Attach Listener"            daemon [_thread_blocked, id=26120, stack(0x000000dfcbb00000,0x000000dfcbc00000) (1024K)]
  0x00000268fcec1d10 JavaThread "Service Thread"             daemon [_thread_blocked, id=17496, stack(0x000000dfcbc00000,0x000000dfcbd00000) (1024K)]
  0x00000268fcec8810 JavaThread "Monitor Deflation Thread"   daemon [_thread_blocked, id=7368, stack(0x000000dfcbd00000,0x000000dfcbe00000) (1024K)]
=>0x00000268fced4db0 JavaThread "C2 CompilerThread0"         daemon [_thread_in_native, id=27544, stack(0x000000dfcbe00000,0x000000dfcbf00000) (1024K)]
  0x00000268c5148090 JavaThread "C1 CompilerThread0"         daemon [_thread_blocked, id=5552, stack(0x000000dfcbf00000,0x000000dfcc000000) (1024K)]
  0x00000268fcec9bc0 JavaThread "Notification Thread"        daemon [_thread_blocked, id=23240, stack(0x000000dfcc100000,0x000000dfcc200000) (1024K)]
  0x00000268fcec6740 JavaThread "Common-Cleaner"             daemon [_thread_blocked, id=3784, stack(0x000000dfcc200000,0x000000dfcc300000) (1024K)]
  0x00000268fcec9530 JavaThread "Thread-1"                   daemon [_thread_blocked, id=4736, stack(0x000000dfcd700000,0x000000dfcd800000) (1024K)]
  0x00000268fcec8180 JavaThread "org.example.Main.main()"           [_thread_blocked, id=9356, stack(0x000000dfcd900000,0x000000dfcda00000) (1024K)]
  0x00000268c8686390 JavaThread "JavaFX-Launcher"                   [_thread_blocked, id=4268, stack(0x000000dfcda00000,0x000000dfcdb00000) (1024K)]
  0x00000268c86842c0 JavaThread "QuantumRenderer-0"          daemon [_thread_blocked, id=7240, stack(0x000000dfcca00000,0x000000dfccb00000) (1024K)]
  0x00000268c8684950 JavaThread "InvokeLaterDispatcher"      daemon [_thread_blocked, id=20508, stack(0x000000dfcc900000,0x000000dfcca00000) (1024K)]
  0x00000268c8682f10 JavaThread "JavaFX Application Thread"         [_thread_in_native, id=11252, stack(0x000000dfcdc00000,0x000000dfcdd00000) (1024K)]
  0x00000268c8685d00 JavaThread "Thread-4"                   daemon [_thread_in_native, id=27168, stack(0x000000dfcc700000,0x000000dfcc800000) (1024K)]
  0x00000268c7f89bd0 JavaThread "Prism Font Disposer"        daemon [_thread_blocked, id=27456, stack(0x000000dfcdec0000,0x000000dfcdfc0000) (1024K)]
  0x00000268c7f88820 JavaThread "Cleaner-0"                  daemon [_thread_blocked, id=7772, stack(0x000000dfce9c0000,0x000000dfceac0000) (1024K)]
  0x00000268c7f89540 JavaThread "Thread-6"                          [_thread_blocked, id=25064, stack(0x000000dfcc600000,0x000000dfcc700000) (1024K)]
Total: 21

Other Threads:
  0x00000268fce94510 VMThread "VM Thread"                           [id=25500, stack(0x000000dfcb700000,0x000000dfcb800000) (1024K)]
  0x00000268fce78df0 WatcherThread "VM Periodic Task Thread"        [id=7972, stack(0x000000dfcb600000,0x000000dfcb700000) (1024K)]
  0x00000268db7823f0 WorkerThread "GC Thread#0"                     [id=9284, stack(0x000000dfcb100000,0x000000dfcb200000) (1024K)]
  0x00000268c5df32f0 WorkerThread "GC Thread#1"                     [id=2572, stack(0x000000dfccc00000,0x000000dfccd00000) (1024K)]
  0x00000268c5df36a0 WorkerThread "GC Thread#2"                     [id=21848, stack(0x000000dfccd00000,0x000000dfcce00000) (1024K)]
  0x00000268c588e6b0 WorkerThread "GC Thread#3"                     [id=22156, stack(0x000000dfcce00000,0x000000dfccf00000) (1024K)]
  0x00000268c588ea60 WorkerThread "GC Thread#4"                     [id=24100, stack(0x000000dfccf00000,0x000000dfcd000000) (1024K)]
  0x00000268c706a970 WorkerThread "GC Thread#5"                     [id=22848, stack(0x000000dfcd000000,0x000000dfcd100000) (1024K)]
  0x00000268c697e110 WorkerThread "GC Thread#6"                     [id=13508, stack(0x000000dfcd100000,0x000000dfcd200000) (1024K)]
  0x00000268c697f4e0 WorkerThread "GC Thread#7"                     [id=18068, stack(0x000000dfcd200000,0x000000dfcd300000) (1024K)]
  0x00000268c7603ec0 WorkerThread "GC Thread#8"                     [id=12744, stack(0x000000dfcd300000,0x000000dfcd400000) (1024K)]
  0x00000268c5f077f0 WorkerThread "GC Thread#9"                     [id=25456, stack(0x000000dfcd400000,0x000000dfcd500000) (1024K)]
  0x00000268c70b2ba0 WorkerThread "GC Thread#10"                    [id=10220, stack(0x000000dfcd500000,0x000000dfcd600000) (1024K)]
  0x00000268c89479a0 WorkerThread "GC Thread#11"                    [id=19968, stack(0x000000dfcd600000,0x000000dfcd700000) (1024K)]
  0x00000268c727b1b0 WorkerThread "GC Thread#12"                    [id=27576, stack(0x000000dfce2c0000,0x000000dfce3c0000) (1024K)]
  0x00000268db7926a0 ConcurrentGCThread "G1 Main Marker"            [id=1864, stack(0x000000dfcb200000,0x000000dfcb300000) (1024K)]
  0x00000268db794df0 WorkerThread "G1 Conc#0"                       [id=14600, stack(0x000000dfcb300000,0x000000dfcb400000) (1024K)]
  0x00000268c727c070 WorkerThread "G1 Conc#1"                       [id=4276, stack(0x000000dfce3c0000,0x000000dfce4c0000) (1024K)]
  0x00000268c727bcc0 WorkerThread "G1 Conc#2"                       [id=17364, stack(0x000000dfce4c0000,0x000000dfce5c0000) (1024K)]
  0x00000268fcd4aea0 ConcurrentGCThread "G1 Refine#0"               [id=2756, stack(0x000000dfcb400000,0x000000dfcb500000) (1024K)]
  0x00000268fcd4b6d0 ConcurrentGCThread "G1 Service"                [id=7892, stack(0x000000dfcb500000,0x000000dfcb600000) (1024K)]
Total: 21

Threads with active compile tasks:
C2 CompilerThread0  103491 8827       4       com.sun.javafx.sg.prism.NodeEffectInput::filter (225 bytes)
Total: 1

VM state: not at safepoint (normal execution)

VM Mutex/Monitor currently owned by a thread: None

Heap address: 0x000000070ce00000, size: 3890 MB, Compressed Oops mode: Zero based, Oop shift amount: 3

CDS archive(s) mapped at: [0x0000026880000000-0x0000026880c60000-0x0000026880c60000), size 12976128, SharedBaseAddress: 0x0000026880000000, ArchiveRelocationMode: 1.
Compressed class space mapped at: 0x0000026881000000-0x00000268c1000000, reserved size: 1073741824
Narrow klass base: 0x0000026880000000, Narrow klass shift: 0, Narrow klass range: 0x41000000

GC Precious Log:
 CardTable entry size: 512
 Card Set container configuration: InlinePtr #cards 4 size 8 Array Of Cards #cards 16 size 48 Howl #buckets 8 coarsen threshold 3686 Howl Bitmap #cards 512 size 80 coarsen threshold 460 Card regions per heap region 1 cards per card region 4096
 CPUs: 16 total, 16 available
 Memory: 15557M
 Large Page Support: Disabled
 NUMA Support: Disabled
 Compressed Oops: Enabled (Zero based)
 Heap Region Size: 2M
 Heap Min Capacity: 8M
 Heap Initial Capacity: 244M
 Heap Max Capacity: 3890M
 Pre-touch: Disabled
 Parallel Workers: 13
 Concurrent Workers: 3
 Concurrent Refinement Workers: 13
 Periodic GC: Disabled

Heap:
 garbage-first heap   total reserved 3983360K, committed 153600K, used 75902K [0x000000070ce00000, 0x0000000800000000)
  region size 2048K, 3 young (6144K), 1 survivors (2048K)
 Metaspace       used 32564K, committed 32960K, reserved 1114112K
  class space    used 4592K, committed 4800K, reserved 1048576K

Heap Regions: E=young(eden), S=young(survivor), O=old, HS=humongous(starts), HC=humongous(continues), CS=collection set, F=free, TAMS=top-at-mark-start, PB=parsable bottom
|   0|0x000000070ce00000, 0x000000070d000000, 0x000000070d000000|100%| O|  |TAMS 0x000000070ce00000| PB 0x000000070ce00000| Untracked |  0
|   1|0x000000070d000000, 0x000000070d200000, 0x000000070d200000|100%| O|  |TAMS 0x000000070d000000| PB 0x000000070d000000| Untracked |  0
|   2|0x000000070d200000, 0x000000070d400000, 0x000000070d400000|100%| O|  |TAMS 0x000000070d200000| PB 0x000000070d200000| Untracked |  0
|   3|0x000000070d400000, 0x000000070d600000, 0x000000070d600000|100%| O|  |TAMS 0x000000070d400000| PB 0x000000070d400000| Untracked |  0
|   4|0x000000070d600000, 0x000000070d800000, 0x000000070d800000|100%| O|  |TAMS 0x000000070d600000| PB 0x000000070d600000| Untracked |  0
|   5|0x000000070d800000, 0x000000070da00000, 0x000000070da00000|100%| O|  |TAMS 0x000000070d800000| PB 0x000000070d800000| Untracked |  0
|   6|0x000000070da00000, 0x000000070dc00000, 0x000000070dc00000|100%| O|  |TAMS 0x000000070da00000| PB 0x000000070da00000| Untracked |  0
|   7|0x000000070dc00000, 0x000000070de00000, 0x000000070de00000|100%| O|  |TAMS 0x000000070dc00000| PB 0x000000070dc00000| Untracked |  0
|   8|0x000000070de00000, 0x000000070e000000, 0x000000070e000000|100%| O|  |TAMS 0x000000070de00000| PB 0x000000070de00000| Untracked |  0
|   9|0x000000070e000000, 0x000000070e200000, 0x000000070e200000|100%| O|  |TAMS 0x000000070e000000| PB 0x000000070e000000| Untracked |  0
|  10|0x000000070e200000, 0x000000070e400000, 0x000000070e400000|100%|HS|  |TAMS 0x000000070e200000| PB 0x000000070e200000| Complete |  0
|  11|0x000000070e400000, 0x000000070e600000, 0x000000070e600000|100%|HS|  |TAMS 0x000000070e400000| PB 0x000000070e400000| Complete |  0
|  12|0x000000070e600000, 0x000000070e800000, 0x000000070e800000|100%|HC|  |TAMS 0x000000070e600000| PB 0x000000070e600000| Complete |  0
|  13|0x000000070e800000, 0x000000070e800000, 0x000000070ea00000|  0%| F|  |TAMS 0x000000070e800000| PB 0x000000070e800000| Untracked |  0
|  14|0x000000070ea00000, 0x000000070ec00000, 0x000000070ec00000|100%| O|Cm|TAMS 0x000000070ea00000| PB 0x000000070ea00000| Complete |  0
|  15|0x000000070ec00000, 0x000000070ee00000, 0x000000070ee00000|100%|HS|  |TAMS 0x000000070ec00000| PB 0x000000070ec00000| Complete |  0
|  16|0x000000070ee00000, 0x000000070f000000, 0x000000070f000000|100%|HC|  |TAMS 0x000000070ee00000| PB 0x000000070ee00000| Complete |  0
|  17|0x000000070f000000, 0x000000070f200000, 0x000000070f200000|100%|HC|  |TAMS 0x000000070f000000| PB 0x000000070f000000| Complete |  0
|  18|0x000000070f200000, 0x000000070f400000, 0x000000070f400000|100%|HC|  |TAMS 0x000000070f200000| PB 0x000000070f200000| Complete |  0
|  19|0x000000070f400000, 0x000000070f600000, 0x000000070f600000|100%|HC|  |TAMS 0x000000070f400000| PB 0x000000070f400000| Complete |  0
|  20|0x000000070f600000, 0x000000070f800000, 0x000000070f800000|100%|HC|  |TAMS 0x000000070f600000| PB 0x000000070f600000| Complete |  0
|  21|0x000000070f800000, 0x000000070fa00000, 0x000000070fa00000|100%|HC|  |TAMS 0x000000070f800000| PB 0x000000070f800000| Complete |  0
|  22|0x000000070fa00000, 0x000000070fc00000, 0x000000070fc00000|100%|HC|  |TAMS 0x000000070fa00000| PB 0x000000070fa00000| Complete |  0
|  23|0x000000070fc00000, 0x000000070fe00000, 0x000000070fe00000|100%|HC|  |TAMS 0x000000070fc00000| PB 0x000000070fc00000| Complete |  0
|  24|0x000000070fe00000, 0x0000000710000000, 0x0000000710000000|100%|HS|  |TAMS 0x000000070fe00000| PB 0x000000070fe00000| Complete |  0
|  25|0x0000000710000000, 0x0000000710200000, 0x0000000710200000|100%|HC|  |TAMS 0x0000000710000000| PB 0x0000000710000000| Complete |  0
|  26|0x0000000710200000, 0x0000000710400000, 0x0000000710400000|100%|HC|  |TAMS 0x0000000710200000| PB 0x0000000710200000| Complete |  0
|  27|0x0000000710400000, 0x0000000710600000, 0x0000000710600000|100%|HC|  |TAMS 0x0000000710400000| PB 0x0000000710400000| Complete |  0
|  28|0x0000000710600000, 0x0000000710800000, 0x0000000710800000|100%|HS|  |TAMS 0x0000000710600000| PB 0x0000000710600000| Complete |  0
|  29|0x0000000710800000, 0x0000000710a00000, 0x0000000710a00000|100%|HC|  |TAMS 0x0000000710800000| PB 0x0000000710800000| Complete |  0
|  30|0x0000000710a00000, 0x0000000710c00000, 0x0000000710c00000|100%|HC|  |TAMS 0x0000000710a00000| PB 0x0000000710a00000| Complete |  0
|  31|0x0000000710c00000, 0x0000000710e00000, 0x0000000710e00000|100%|HC|  |TAMS 0x0000000710c00000| PB 0x0000000710c00000| Complete |  0
|  32|0x0000000710e00000, 0x0000000711000000, 0x0000000711000000|100%|HC|  |TAMS 0x0000000710e00000| PB 0x0000000710e00000| Complete |  0
|  33|0x0000000711000000, 0x0000000711200000, 0x0000000711200000|100%|HC|  |TAMS 0x0000000711000000| PB 0x0000000711000000| Complete |  0
|  34|0x0000000711200000, 0x0000000711400000, 0x0000000711400000|100%|HC|  |TAMS 0x0000000711200000| PB 0x0000000711200000| Complete |  0
|  35|0x0000000711400000, 0x00000007115fa9c8, 0x0000000711600000| 98%| O|  |TAMS 0x0000000711400000| PB 0x0000000711400000| Untracked |  0
|  36|0x0000000711600000, 0x0000000711600000, 0x0000000711800000|  0%| F|  |TAMS 0x0000000711600000| PB 0x0000000711600000| Untracked |  0
|  37|0x0000000711800000, 0x0000000711800000, 0x0000000711a00000|  0%| F|  |TAMS 0x0000000711800000| PB 0x0000000711800000| Untracked |  0
|  38|0x0000000711a00000, 0x0000000711a00000, 0x0000000711c00000|  0%| F|  |TAMS 0x0000000711a00000| PB 0x0000000711a00000| Untracked |  0
|  39|0x0000000711c00000, 0x0000000711c00000, 0x0000000711e00000|  0%| F|  |TAMS 0x0000000711c00000| PB 0x0000000711c00000| Untracked |  0
|  40|0x0000000711e00000, 0x0000000711e00000, 0x0000000712000000|  0%| F|  |TAMS 0x0000000711e00000| PB 0x0000000711e00000| Untracked |  0
|  41|0x0000000712000000, 0x0000000712000000, 0x0000000712200000|  0%| F|  |TAMS 0x0000000712000000| PB 0x0000000712000000| Untracked |  0
|  42|0x0000000712200000, 0x0000000712200000, 0x0000000712400000|  0%| F|  |TAMS 0x0000000712200000| PB 0x0000000712200000| Untracked |  0
|  43|0x0000000712400000, 0x0000000712400000, 0x0000000712600000|  0%| F|  |TAMS 0x0000000712400000| PB 0x0000000712400000| Untracked |  0
|  44|0x0000000712600000, 0x0000000712600000, 0x0000000712800000|  0%| F|  |TAMS 0x0000000712600000| PB 0x0000000712600000| Untracked |  0
|  45|0x0000000712800000, 0x0000000712800000, 0x0000000712a00000|  0%| F|  |TAMS 0x0000000712800000| PB 0x0000000712800000| Untracked |  0
|  46|0x0000000712a00000, 0x0000000712a00000, 0x0000000712c00000|  0%| F|  |TAMS 0x0000000712a00000| PB 0x0000000712a00000| Untracked |  0
|  47|0x0000000712c00000, 0x0000000712c00000, 0x0000000712e00000|  0%| F|  |TAMS 0x0000000712c00000| PB 0x0000000712c00000| Untracked |  0
|  48|0x0000000712e00000, 0x0000000712e00000, 0x0000000713000000|  0%| F|  |TAMS 0x0000000712e00000| PB 0x0000000712e00000| Untracked |  0
|  49|0x0000000713000000, 0x0000000713000000, 0x0000000713200000|  0%| F|  |TAMS 0x0000000713000000| PB 0x0000000713000000| Untracked |  0
|  50|0x0000000713200000, 0x0000000713200000, 0x0000000713400000|  0%| F|  |TAMS 0x0000000713200000| PB 0x0000000713200000| Untracked |  0
|  51|0x0000000713400000, 0x0000000713400000, 0x0000000713600000|  0%| F|  |TAMS 0x0000000713400000| PB 0x0000000713400000| Untracked |  0
|  52|0x0000000713600000, 0x0000000713600000, 0x0000000713800000|  0%| F|  |TAMS 0x0000000713600000| PB 0x0000000713600000| Untracked |  0
|  53|0x0000000713800000, 0x0000000713800000, 0x0000000713a00000|  0%| F|  |TAMS 0x0000000713800000| PB 0x0000000713800000| Untracked |  0
|  54|0x0000000713a00000, 0x0000000713a00000, 0x0000000713c00000|  0%| F|  |TAMS 0x0000000713a00000| PB 0x0000000713a00000| Untracked |  0
|  55|0x0000000713c00000, 0x0000000713c00000, 0x0000000713e00000|  0%| F|  |TAMS 0x0000000713c00000| PB 0x0000000713c00000| Untracked |  0
|  56|0x0000000713e00000, 0x0000000713e00000, 0x0000000714000000|  0%| F|  |TAMS 0x0000000713e00000| PB 0x0000000713e00000| Untracked |  0
|  57|0x0000000714000000, 0x0000000714000000, 0x0000000714200000|  0%| F|  |TAMS 0x0000000714000000| PB 0x0000000714000000| Untracked |  0
|  58|0x0000000714200000, 0x0000000714200000, 0x0000000714400000|  0%| F|  |TAMS 0x0000000714200000| PB 0x0000000714200000| Untracked |  0
|  59|0x0000000714400000, 0x0000000714400000, 0x0000000714600000|  0%| F|  |TAMS 0x0000000714400000| PB 0x0000000714400000| Untracked |  0
|  60|0x0000000714600000, 0x0000000714600000, 0x0000000714800000|  0%| F|  |TAMS 0x0000000714600000| PB 0x0000000714600000| Untracked |  0
|  61|0x0000000714800000, 0x0000000714800000, 0x0000000714a00000|  0%| F|  |TAMS 0x0000000714800000| PB 0x0000000714800000| Untracked |  0
|  62|0x0000000714a00000, 0x0000000714a00000, 0x0000000714c00000|  0%| F|  |TAMS 0x0000000714a00000| PB 0x0000000714a00000| Untracked |  0
|  63|0x0000000714c00000, 0x0000000714c00000, 0x0000000714e00000|  0%| F|  |TAMS 0x0000000714c00000| PB 0x0000000714c00000| Untracked |  0
|  64|0x0000000714e00000, 0x0000000714e00000, 0x0000000715000000|  0%| F|  |TAMS 0x0000000714e00000| PB 0x0000000714e00000| Untracked |  0
|  65|0x0000000715000000, 0x0000000715000000, 0x0000000715200000|  0%| F|  |TAMS 0x0000000715000000| PB 0x0000000715000000| Untracked |  0
|  66|0x0000000715200000, 0x0000000715200000, 0x0000000715400000|  0%| F|  |TAMS 0x0000000715200000| PB 0x0000000715200000| Untracked |  0
|  67|0x0000000715400000, 0x0000000715400000, 0x0000000715600000|  0%| F|  |TAMS 0x0000000715400000| PB 0x0000000715400000| Untracked |  0
|  82|0x0000000717200000, 0x0000000717200000, 0x0000000717400000|  0%| F|  |TAMS 0x0000000717200000| PB 0x0000000717200000| Untracked |  0
|  83|0x0000000717400000, 0x0000000717424f70, 0x0000000717600000|  7%| S|CS|TAMS 0x0000000717400000| PB 0x0000000717400000| Complete |  0
|  84|0x0000000717600000, 0x0000000717600000, 0x0000000717800000|  0%| F|  |TAMS 0x0000000717600000| PB 0x0000000717600000| Untracked |  0
|  85|0x0000000717800000, 0x0000000717800000, 0x0000000717a00000|  0%| F|  |TAMS 0x0000000717800000| PB 0x0000000717800000| Untracked |  0
|  86|0x0000000717a00000, 0x0000000717a77940, 0x0000000717c00000| 23%| E|  |TAMS 0x0000000717a00000| PB 0x0000000717a00000| Complete |  0
| 121|0x000000071c000000, 0x000000071c200000, 0x000000071c200000|100%| E|CS|TAMS 0x000000071c000000| PB 0x000000071c000000| Complete |  0
|1944|0x00000007ffe00000, 0x0000000800000000, 0x0000000800000000|100%| O|  |TAMS 0x00000007ffe00000| PB 0x00000007ffe00000| Untracked |  0

Card table byte_map: [0x00000268f5aa0000,0x00000268f6240000] _byte_map_base: 0x00000268f2239000

Marking Bits: (CMBitMap*) 0x00000268db782a10
 Bits: [0x00000268f6240000, 0x00000268f9f08000)

Polling page: 0x00000268db7e0000

Metaspace:

Usage:
  Non-class:     27.32 MB used.
      Class:      4.49 MB used.
       Both:     31.80 MB used.

Virtual space:
  Non-class space:       64.00 MB reserved,      27.50 MB ( 43%) committed,  1 nodes.
      Class space:        1.00 GB reserved,       4.69 MB ( <1%) committed,  1 nodes.
             Both:        1.06 GB reserved,      32.19 MB (  3%) committed. 

Chunk freelists:
   Non-Class:  4.19 MB
       Class:  11.35 MB
        Both:  15.54 MB

MaxMetaspaceSize: unlimited
CompressedClassSpaceSize: 1.00 GB
Initial GC threshold: 21.00 MB
Current GC threshold: 53.69 MB
CDS: on
 - commit_granule_bytes: 65536.
 - commit_granule_words: 8192.
 - virtual_space_node_default_size: 8388608.
 - enlarge_chunks_in_place: 1.
 - use_allocation_guard: 0.


Internal statistics:

num_allocs_failed_limit: 3.
num_arena_births: 390.
num_arena_deaths: 0.
num_vsnodes_births: 2.
num_vsnodes_deaths: 0.
num_space_committed: 515.
num_space_uncommitted: 0.
num_chunks_returned_to_freelist: 3.
num_chunks_taken_from_freelist: 1566.
num_chunk_merges: 3.
num_chunk_splits: 1104.
num_chunks_enlarged: 886.
num_inconsistent_stats: 0.

CodeHeap 'non-profiled nmethods': size=119168Kb used=5239Kb max_used=5666Kb free=113928Kb
 bounds [0x00000268ecfc0000, 0x00000268ed550000, 0x00000268f4420000]
CodeHeap 'profiled nmethods': size=119104Kb used=14191Kb max_used=16914Kb free=104912Kb
 bounds [0x00000268e5420000, 0x00000268e64b0000, 0x00000268ec870000]
CodeHeap 'non-nmethods': size=7488Kb used=1895Kb max_used=3622Kb free=5592Kb
 bounds [0x00000268ec870000, 0x00000268ecc00000, 0x00000268ecfc0000]
 total_blobs=8370 nmethods=7483 adapters=791
 compilation: enabled
              stopped_count=0, restarted_count=0
 full_count=0

Compilation events (20 events):
Event: 101.695 Thread 0x00000268c6704bb0 nmethod 8819 0x00000268ed317610 code [0x00000268ed3177c0, 0x00000268ed317a48]
Event: 101.695 Thread 0x00000268c6704bb0 8820       4       com.sun.scenario.effect.impl.prism.ps.PPSLinearConvolveShadowPeer::updateShader (80 bytes)
Event: 101.704 Thread 0x00000268fced4db0 nmethod 8815 0x00000268ed338c90 code [0x00000268ed339000, 0x00000268ed33b3a0]
Event: 101.725 Thread 0x00000268c6704bb0 nmethod 8820 0x00000268ed2eb990 code [0x00000268ed2ebf20, 0x00000268ed2ee7e8]
Event: 101.786 Thread 0x00000268c67029a0 nmethod 8818 0x00000268ed368990 code [0x00000268ed369160, 0x00000268ed36fbb8]
Event: 102.370 Thread 0x00000268c5148090 8821       1       org.example.models.Character::setState (6 bytes)
Event: 102.370 Thread 0x00000268c5148090 nmethod 8821 0x00000268ed289490 code [0x00000268ed289620, 0x00000268ed289738]
Event: 102.383 Thread 0x00000268fced4db0 8822       4       com.sun.javafx.text.PrismTextLayout::shape (622 bytes)
Event: 102.384 Thread 0x00000268c5148090 8823       3       javafx.scene.control.ScrollPane::setVvalue (9 bytes)
Event: 102.384 Thread 0x00000268c5148090 nmethod 8823 0x00000268e5425b90 code [0x00000268e5425d40, 0x00000268e5425f58]
Event: 102.384 Thread 0x00000268c5148090 8824       3       com.sun.javafx.geom.transform.Translate2D::deriveWithTranslation (60 bytes)
Event: 102.384 Thread 0x00000268c5148090 nmethod 8824 0x00000268e5435190 code [0x00000268e5435360, 0x00000268e5435658]
Event: 102.392 Thread 0x00000268fced4db0 nmethod 8822 0x00000268ed263390 code [0x00000268ed263620, 0x00000268ed264490]
Event: 102.672 Thread 0x00000268fced4db0 8825       4       com.sun.scenario.effect.impl.state.BoxRenderState::getPassPeer (125 bytes)
Event: 102.674 Thread 0x00000268fced4db0 nmethod 8825 0x00000268ed345510 code [0x00000268ed3456e0, 0x00000268ed345a18]
Event: 102.674 Thread 0x00000268fced4db0 8826       4       com.sun.scenario.effect.impl.state.BoxRenderState::isPassNop (39 bytes)
Event: 102.675 Thread 0x00000268fced4db0 nmethod 8826 0x00000268ed2f8610 code [0x00000268ed2f87c0, 0x00000268ed2f88d8]
Event: 103.360 Thread 0x00000268fced4db0 8827       4       com.sun.javafx.sg.prism.NodeEffectInput::filter (225 bytes)
Event: 103.373 Thread 0x00000268c5148090 8828       1       org.example.models.Character::getEffectManager (5 bytes)
Event: 103.373 Thread 0x00000268c5148090 nmethod 8828 0x00000268ed297010 code [0x00000268ed2971a0, 0x00000268ed297270]

GC Heap History (20 events):
Event: 2.287 GC heap before
{Heap before GC invocations=2 (full 0):
 garbage-first heap   total reserved 3983360K, committed 249856K, used 71690K [0x000000070ce00000, 0x0000000800000000)
  region size 2048K, 35 young (71680K), 2 survivors (4096K)
 Metaspace       used 21158K, committed 21504K, reserved 1114112K
  class space    used 2709K, committed 2880K, reserved 1048576K
}
Event: 2.291 GC heap after
{Heap after GC invocations=3 (full 0):
 garbage-first heap   total reserved 3983360K, committed 249856K, used 12420K [0x000000070ce00000, 0x0000000800000000)
  region size 2048K, 5 young (10240K), 5 survivors (10240K)
 Metaspace       used 21158K, committed 21504K, reserved 1114112K
  class space    used 2709K, committed 2880K, reserved 1048576K
}
Event: 2.835 GC heap before
{Heap before GC invocations=4 (full 0):
 garbage-first heap   total reserved 3983360K, committed 49152K, used 47236K [0x000000070ce00000, 0x0000000800000000)
  region size 2048K, 22 young (45056K), 5 survivors (10240K)
 Metaspace       used 28217K, committed 28608K, reserved 1114112K
  class space    used 4187K, committed 4352K, reserved 1048576K
}
Event: 2.841 GC heap after
{Heap after GC invocations=5 (full 0):
 garbage-first heap   total reserved 3983360K, committed 65536K, used 18227K [0x000000070ce00000, 0x0000000800000000)
  region size 2048K, 8 young (16384K), 8 survivors (16384K)
 Metaspace       used 28217K, committed 28608K, reserved 1114112K
  class space    used 4187K, committed 4352K, reserved 1048576K
}
Event: 5.848 GC heap before
{Heap before GC invocations=5 (full 0):
 garbage-first heap   total reserved 3983360K, committed 65536K, used 42803K [0x000000070ce00000, 0x0000000800000000)
  region size 2048K, 19 young (38912K), 8 survivors (16384K)
 Metaspace       used 31018K, committed 31424K, reserved 1114112K
  class space    used 4468K, committed 4672K, reserved 1048576K
}
Event: 5.854 GC heap after
{Heap after GC invocations=6 (full 0):
 garbage-first heap   total reserved 3983360K, committed 67584K, used 25235K [0x000000070ce00000, 0x0000000800000000)
  region size 2048K, 3 young (6144K), 3 survivors (6144K)
 Metaspace       used 31018K, committed 31424K, reserved 1114112K
  class space    used 4468K, committed 4672K, reserved 1048576K
}
Event: 27.299 GC heap before
{Heap before GC invocations=6 (full 0):
 garbage-first heap   total reserved 3983360K, committed 67584K, used 51859K [0x000000070ce00000, 0x0000000800000000)
  region size 2048K, 16 young (32768K), 3 survivors (6144K)
 Metaspace       used 31697K, committed 32128K, reserved 1114112K
  class space    used 4495K, committed 4672K, reserved 1048576K
}
Event: 27.302 GC heap after
{Heap after GC invocations=7 (full 0):
 garbage-first heap   total reserved 3983360K, committed 67584K, used 27184K [0x000000070ce00000, 0x0000000800000000)
  region size 2048K, 1 young (2048K), 1 survivors (2048K)
 Metaspace       used 31697K, committed 32128K, reserved 1114112K
  class space    used 4495K, committed 4672K, reserved 1048576K
}
Event: 31.767 GC heap before
{Heap before GC invocations=7 (full 0):
 garbage-first heap   total reserved 3983360K, committed 67584K, used 37424K [0x000000070ce00000, 0x0000000800000000)
  region size 2048K, 6 young (12288K), 1 survivors (2048K)
 Metaspace       used 32005K, committed 32448K, reserved 1114112K
  class space    used 4546K, committed 4736K, reserved 1048576K
}
Event: 31.768 GC heap after
{Heap after GC invocations=8 (full 0):
 garbage-first heap   total reserved 3983360K, committed 67584K, used 29464K [0x000000070ce00000, 0x0000000800000000)
  region size 2048K, 1 young (2048K), 1 survivors (2048K)
 Metaspace       used 32005K, committed 32448K, reserved 1114112K
  class space    used 4546K, committed 4736K, reserved 1048576K
}
Event: 31.815 GC heap before
{Heap before GC invocations=8 (full 0):
 garbage-first heap   total reserved 3983360K, committed 67584K, used 33560K [0x000000070ce00000, 0x0000000800000000)
  region size 2048K, 2 young (4096K), 1 survivors (2048K)
 Metaspace       used 32080K, committed 32512K, reserved 1114112K
  class space    used 4559K, committed 4736K, reserved 1048576K
}
Event: 31.816 GC heap after
{Heap after GC invocations=9 (full 0):
 garbage-first heap   total reserved 3983360K, committed 67584K, used 33696K [0x000000070ce00000, 0x0000000800000000)
  region size 2048K, 2 young (4096K), 2 survivors (4096K)
 Metaspace       used 32080K, committed 32512K, reserved 1114112K
  class space    used 4559K, committed 4736K, reserved 1048576K
}
Event: 62.165 GC heap before
{Heap before GC invocations=10 (full 0):
 garbage-first heap   total reserved 3983360K, committed 90112K, used 86944K [0x000000070ce00000, 0x0000000800000000)
  region size 2048K, 9 young (18432K), 2 survivors (4096K)
 Metaspace       used 32476K, committed 32960K, reserved 1114112K
  class space    used 4592K, committed 4800K, reserved 1048576K
}
Event: 62.167 GC heap after
{Heap after GC invocations=11 (full 0):
 garbage-first heap   total reserved 3983360K, committed 94208K, used 73965K [0x000000070ce00000, 0x0000000800000000)
  region size 2048K, 2 young (4096K), 2 survivors (4096K)
 Metaspace       used 32476K, committed 32960K, reserved 1114112K
  class space    used 4592K, committed 4800K, reserved 1048576K
}
Event: 82.159 GC heap before
{Heap before GC invocations=11 (full 0):
 garbage-first heap   total reserved 3983360K, committed 94208K, used 82157K [0x000000070ce00000, 0x0000000800000000)
  region size 2048K, 6 young (12288K), 2 survivors (4096K)
 Metaspace       used 32524K, committed 32960K, reserved 1114112K
  class space    used 4592K, committed 4800K, reserved 1048576K
}
Event: 82.161 GC heap after
{Heap after GC invocations=12 (full 0):
 garbage-first heap   total reserved 3983360K, committed 94208K, used 74016K [0x000000070ce00000, 0x0000000800000000)
  region size 2048K, 1 young (2048K), 1 survivors (2048K)
 Metaspace       used 32524K, committed 32960K, reserved 1114112K
  class space    used 4592K, committed 4800K, reserved 1048576K
}
Event: 94.721 GC heap before
{Heap before GC invocations=12 (full 0):
 garbage-first heap   total reserved 3983360K, committed 94208K, used 84256K [0x000000070ce00000, 0x0000000800000000)
  region size 2048K, 6 young (12288K), 1 survivors (2048K)
 Metaspace       used 32555K, committed 32960K, reserved 1114112K
  class space    used 4592K, committed 4800K, reserved 1048576K
}
Event: 94.722 GC heap after
{Heap after GC invocations=13 (full 0):
 garbage-first heap   total reserved 3983360K, committed 94208K, used 73907K [0x000000070ce00000, 0x0000000800000000)
  region size 2048K, 1 young (2048K), 1 survivors (2048K)
 Metaspace       used 32555K, committed 32960K, reserved 1114112K
  class space    used 4592K, committed 4800K, reserved 1048576K
}
Event: 99.605 GC heap before
{Heap before GC invocations=14 (full 0):
 garbage-first heap   total reserved 3983360K, committed 126976K, used 82099K [0x000000070ce00000, 0x0000000800000000)
  region size 2048K, 5 young (10240K), 1 survivors (2048K)
 Metaspace       used 32563K, committed 32960K, reserved 1114112K
  class space    used 4592K, committed 4800K, reserved 1048576K
}
Event: 99.606 GC heap after
{Heap after GC invocations=15 (full 0):
 garbage-first heap   total reserved 3983360K, committed 153600K, used 73854K [0x000000070ce00000, 0x0000000800000000)
  region size 2048K, 1 young (2048K), 1 survivors (2048K)
 Metaspace       used 32563K, committed 32960K, reserved 1114112K
  class space    used 4592K, committed 4800K, reserved 1048576K
}

Dll operation events (20 events):
Event: 1.660 Loaded shared library C:\Users\Admin\.openjfx\cache\23+29\amd64\api-ms-win-crt-heap-l1-1-0.dll
Event: 1.663 Loaded shared library C:\Users\Admin\.openjfx\cache\23+29\amd64\api-ms-win-crt-locale-l1-1-0.dll
Event: 1.666 Loaded shared library C:\Users\Admin\.openjfx\cache\23+29\amd64\api-ms-win-crt-math-l1-1-0.dll
Event: 1.669 Loaded shared library C:\Users\Admin\.openjfx\cache\23+29\amd64\api-ms-win-crt-multibyte-l1-1-0.dll
Event: 1.673 Loaded shared library C:\Users\Admin\.openjfx\cache\23+29\amd64\api-ms-win-crt-private-l1-1-0.dll
Event: 1.676 Loaded shared library C:\Users\Admin\.openjfx\cache\23+29\amd64\api-ms-win-crt-process-l1-1-0.dll
Event: 1.679 Loaded shared library C:\Users\Admin\.openjfx\cache\23+29\amd64\api-ms-win-crt-runtime-l1-1-0.dll
Event: 1.682 Loaded shared library C:\Users\Admin\.openjfx\cache\23+29\amd64\api-ms-win-crt-stdio-l1-1-0.dll
Event: 1.686 Loaded shared library C:\Users\Admin\.openjfx\cache\23+29\amd64\api-ms-win-crt-string-l1-1-0.dll
Event: 1.689 Loaded shared library C:\Users\Admin\.openjfx\cache\23+29\amd64\api-ms-win-crt-time-l1-1-0.dll
Event: 1.692 Loaded shared library C:\Users\Admin\.openjfx\cache\23+29\amd64\api-ms-win-crt-utility-l1-1-0.dll
Event: 1.704 Loaded shared library C:\Users\Admin\.openjfx\cache\23+29\amd64\ucrtbase.dll
Event: 1.708 Loaded shared library C:\Users\Admin\.openjfx\cache\23+29\amd64\vcruntime140.dll
Event: 1.711 Loaded shared library C:\Users\Admin\.openjfx\cache\23+29\amd64\vcruntime140_1.dll
Event: 1.719 Loaded shared library C:\Users\Admin\.openjfx\cache\23+29\amd64\msvcp140.dll
Event: 1.722 Loaded shared library C:\Users\Admin\.openjfx\cache\23+29\amd64\msvcp140_1.dll
Event: 1.727 Loaded shared library C:\Users\Admin\.openjfx\cache\23+29\amd64\msvcp140_2.dll
Event: 1.763 Loaded shared library C:\Users\Admin\.openjfx\cache\23+29\amd64\prism_d3d.dll
Event: 1.856 Loaded shared library C:\Users\Admin\.openjfx\cache\23+29\amd64\glass.dll
Event: 2.284 Loaded shared library C:\Users\Admin\.openjfx\cache\23+29\amd64\javafx_font.dll

Deoptimization events (20 events):
Event: 96.469 Thread 0x00000268c8682f10 Uncommon trap: trap_request=0xffffff45 fr.pc=0x00000268ed3f1628 relative=0x00000000000004e8
Event: 96.469 Thread 0x00000268c8682f10 Uncommon trap: reason=unstable_if action=reinterpret pc=0x00000268ed3f1628 method=com.sun.javafx.geom.transform.Translate2D.isIdentity()Z @ 15 c2
Event: 96.469 Thread 0x00000268c8682f10 DEOPT PACKING pc=0x00000268ed3f1628 sp=0x000000dfcdcfc480
Event: 96.469 Thread 0x00000268c8682f10 DEOPT UNPACKING pc=0x00000268ec8c46a2 sp=0x000000dfcdcfc318 mode 2
Event: 100.159 Thread 0x00000268c8682f10 Uncommon trap: trap_request=0xffffff45 fr.pc=0x00000268ed3292f8 relative=0x0000000000000258
Event: 100.159 Thread 0x00000268c8682f10 Uncommon trap: reason=unstable_if action=reinterpret pc=0x00000268ed3292f8 method=com.sun.javafx.geom.transform.Translate2D.isIdentity()Z @ 15 c2
Event: 100.159 Thread 0x00000268c8682f10 DEOPT PACKING pc=0x00000268ed3292f8 sp=0x000000dfcdcfe370
Event: 100.159 Thread 0x00000268c8682f10 DEOPT UNPACKING pc=0x00000268ec8c46a2 sp=0x000000dfcdcfe2a8 mode 2
Event: 103.422 Thread 0x00000268c8682f10 Uncommon trap: trap_request=0xffffffc6 fr.pc=0x00000268ed4a76fc relative=0x000000000000303c
Event: 103.422 Thread 0x00000268c8682f10 Uncommon trap: reason=bimorphic_or_optimized_type_check action=maybe_recompile pc=0x00000268ed4a76fc method=com.sun.javafx.scene.NodeHelper.computeContains(Ljavafx/scene/Node;DD)Z @ 7 c2
Event: 103.422 Thread 0x00000268c8682f10 DEOPT PACKING pc=0x00000268ed4a76fc sp=0x000000dfcdcfd600
Event: 103.422 Thread 0x00000268c8682f10 DEOPT UNPACKING pc=0x00000268ec8c46a2 sp=0x000000dfcdcfd2d0 mode 2
Event: 103.424 Thread 0x00000268c8682f10 Uncommon trap: trap_request=0xffffffc6 fr.pc=0x00000268ed4a76fc relative=0x000000000000303c
Event: 103.424 Thread 0x00000268c8682f10 Uncommon trap: reason=bimorphic_or_optimized_type_check action=maybe_recompile pc=0x00000268ed4a76fc method=com.sun.javafx.scene.NodeHelper.computeContains(Ljavafx/scene/Node;DD)Z @ 7 c2
Event: 103.424 Thread 0x00000268c8682f10 DEOPT PACKING pc=0x00000268ed4a76fc sp=0x000000dfcdcfd600
Event: 103.424 Thread 0x00000268c8682f10 DEOPT UNPACKING pc=0x00000268ec8c46a2 sp=0x000000dfcdcfd2d0 mode 2
Event: 103.426 Thread 0x00000268c8682f10 Uncommon trap: trap_request=0xffffffc6 fr.pc=0x00000268ed4a76fc relative=0x000000000000303c
Event: 103.426 Thread 0x00000268c8682f10 Uncommon trap: reason=bimorphic_or_optimized_type_check action=maybe_recompile pc=0x00000268ed4a76fc method=com.sun.javafx.scene.NodeHelper.computeContains(Ljavafx/scene/Node;DD)Z @ 7 c2
Event: 103.426 Thread 0x00000268c8682f10 DEOPT PACKING pc=0x00000268ed4a76fc sp=0x000000dfcdcfd600
Event: 103.426 Thread 0x00000268c8682f10 DEOPT UNPACKING pc=0x00000268ec8c46a2 sp=0x000000dfcdcfd2d0 mode 2

Classes loaded (20 events):
Event: 32.139 Loading class java/util/stream/ReduceOps$2ReducingSink
Event: 32.139 Loading class java/util/stream/ReduceOps$2ReducingSink done
Event: 32.143 Loading class jdk/internal/math/FormattedFPDecimal
Event: 32.143 Loading class jdk/internal/math/FormattedFPDecimal done
Event: 32.144 Loading class jdk/internal/icu/impl/UCharacterProperty
Event: 32.144 Loading class jdk/internal/icu/impl/UCharacterProperty done
Event: 32.144 Loading class jdk/internal/icu/impl/UCharacterProperty$1
Event: 32.144 Loading class jdk/internal/event/ThreadSleepEvent
Event: 32.144 Loading class jdk/internal/icu/impl/UCharacterProperty$BiDiIntProperty
Event: 32.144 Loading class jdk/internal/icu/impl/UCharacterProperty$IntProperty
Event: 32.144 Loading class jdk/internal/event/ThreadSleepEvent done
Event: 32.144 Loading class jdk/internal/icu/impl/UCharacterProperty$IntProperty done
Event: 32.144 Loading class jdk/internal/icu/impl/UCharacterProperty$BiDiIntProperty done
Event: 32.144 Loading class jdk/internal/icu/impl/UCharacterProperty$1 done
Event: 32.144 Loading class jdk/internal/icu/impl/UCharacterProperty$IsAcceptable
Event: 32.144 Loading class jdk/internal/icu/impl/UCharacterProperty$IsAcceptable done
Event: 32.145 Loading class jdk/internal/icu/util/VersionInfo
Event: 32.145 Loading class jdk/internal/icu/util/VersionInfo done
Event: 32.182 Loading class java/lang/CharacterData01
Event: 32.183 Loading class java/lang/CharacterData01 done

Classes unloaded (0 events):
No events

Classes redefined (0 events):
No events

Internal exceptions (20 events):
Event: 5.728 Thread 0x00000268c8682f10 Exception <a 'java/lang/NoSuchMethodError'{0x000000070e863f70}: 'long java.lang.invoke.DirectMethodHandle$Holder.invokeStaticInit(java.lang.Object, java.lang.Object, java.lang.Object)'> (0x000000070e863f70) 
thrown [s\open\src\hotspot\share\interpreter\linkResolver.cpp, line 774]
Event: 5.729 Thread 0x00000268c8682f10 Exception <a 'java/lang/NoSuchMethodError'{0x000000070e8784b0}: 'java.lang.Object java.lang.invoke.DirectMethodHandle$Holder.newInvokeSpecial(java.lang.Object, java.lang.Object, long)'> (0x000000070e8784b0) 
thrown [s\open\src\hotspot\share\interpreter\linkResolver.cpp, line 774]
Event: 5.729 Thread 0x00000268c8682f10 Exception <a 'java/lang/NoSuchMethodError'{0x000000070e87ba78}: 'java.lang.Object java.lang.invoke.Invokers$Holder.linkToTargetMethod(java.lang.Object, long, java.lang.Object)'> (0x000000070e87ba78) 
thrown [s\open\src\hotspot\share\interpreter\linkResolver.cpp, line 774]
Event: 6.505 Thread 0x00000268c8682f10 Implicit null exception at 0x00000268ed2161e5 to 0x00000268ed216424
Event: 8.471 Thread 0x00000268c8682f10 Implicit null exception at 0x00000268ed334f0e to 0x00000268ed33541c
Event: 16.904 Thread 0x00000268c8682f10 Exception <a 'java/lang/NoSuchMethodError'{0x00000007173ea050}: 'java.lang.Object java.lang.invoke.DirectMethodHandle$Holder.newInvokeSpecial(java.lang.Object, java.lang.Object, java.lang.Object, double, double, double, double, int, int, int, int, int, int, int, int, int)'> (0x00000007173ea050) 
thrown [s\open\src\hotspot\share\interpreter\linkResolver.cpp, line 774]
Event: 17.018 Thread 0x00000268c8682f10 Implicit null exception at 0x00000268ed406c53 to 0x00000268ed406de0
Event: 17.018 Thread 0x00000268c8682f10 Implicit null exception at 0x00000268ed420e95 to 0x00000268ed423394
Event: 17.853 Thread 0x00000268c8682f10 Exception <a 'java/lang/NoSuchMethodError'{0x000000070fc2b258}: 'java.lang.Object java.lang.invoke.DirectMethodHandle$Holder.newInvokeSpecial(java.lang.Object, java.lang.Object, int, int, int, int, int, java.lang.Object)'> (0x000000070fc2b258) 
thrown [s\open\src\hotspot\share\interpreter\linkResolver.cpp, line 774]
Event: 17.853 Thread 0x00000268c8682f10 Exception <a 'java/lang/NoSuchMethodError'{0x000000070fc86e68}: 'java.lang.Object java.lang.invoke.DirectMethodHandle$Holder.newInvokeSpecial(java.lang.Object, java.lang.Object, java.lang.Object, int, int, int, int, int)'> (0x000000070fc86e68) 
thrown [s\open\src\hotspot\share\interpreter\linkResolver.cpp, line 774]
Event: 17.854 Thread 0x00000268c8682f10 Exception <a 'java/lang/NoSuchMethodError'{0x000000070fc8e1d8}: 'java.lang.Object java.lang.invoke.Invokers$Holder.linkToTargetMethod(java.lang.Object, java.lang.Object, int, int, int, int, int, java.lang.Object)'> (0x000000070fc8e1d8) 
thrown [s\open\src\hotspot\share\interpreter\linkResolver.cpp, line 774]
Event: 32.137 Thread 0x00000268c86842c0 Implicit null exception at 0x00000268ed46a576 to 0x00000268ed46b90c
Event: 32.137 Thread 0x00000268c86842c0 Implicit null exception at 0x00000268ed488958 to 0x00000268ed4899c8
Event: 32.139 Thread 0x00000268c7f89540 Exception <a 'java/lang/NoSuchMethodError'{0x000000071c0af258}: 'double java.lang.invoke.DirectMethodHandle$Holder.invokeVirtual(java.lang.Object, java.lang.Object)'> (0x000000071c0af258) 
thrown [s\open\src\hotspot\share\interpreter\linkResolver.cpp, line 774]
Event: 32.171 Thread 0x00000268c8682f10 Exception <a 'java/io/FileNotFoundException'{0x000000071c1ece10}> (0x000000071c1ece10) 
thrown [s\open\src\hotspot\share\prims\jni.cpp, line 520]
Event: 32.176 Thread 0x00000268c8682f10 Exception <a 'java/io/FileNotFoundException'{0x0000000717624a70}> (0x0000000717624a70) 
thrown [s\open\src\hotspot\share\prims\jni.cpp, line 520]
Event: 32.176 Thread 0x00000268c8682f10 Exception <a 'java/io/FileNotFoundException'{0x00000007176513d0}> (0x00000007176513d0) 
thrown [s\open\src\hotspot\share\prims\jni.cpp, line 520]
Event: 32.178 Thread 0x00000268c8682f10 Exception <a 'java/io/FileNotFoundException'{0x00000007176739b0}> (0x00000007176739b0) 
thrown [s\open\src\hotspot\share\prims\jni.cpp, line 520]
Event: 32.178 Thread 0x00000268c8682f10 Exception <a 'java/io/FileNotFoundException'{0x0000000717676ae0}> (0x0000000717676ae0) 
thrown [s\open\src\hotspot\share\prims\jni.cpp, line 520]
Event: 32.186 Thread 0x00000268c86842c0 Implicit null exception at 0x00000268ed47345e to 0x00000268ed4734d0

ZGC Phase Switch (0 events):
No events

VM Operations (20 events):
Event: 92.173 Executing VM operation: Cleanup
Event: 92.173 Executing VM operation: Cleanup done
Event: 93.174 Executing VM operation: Cleanup
Event: 93.174 Executing VM operation: Cleanup done
Event: 94.721 Executing VM operation: G1CollectForAllocation (G1 Evacuation Pause)
Event: 94.722 Executing VM operation: G1CollectForAllocation (G1 Evacuation Pause) done
Event: 94.732 Executing VM operation: G1PauseRemark
Event: 94.736 Executing VM operation: G1PauseRemark done
Event: 94.739 Executing VM operation: G1PauseCleanup
Event: 94.739 Executing VM operation: G1PauseCleanup done
Event: 96.740 Executing VM operation: Cleanup
Event: 96.740 Executing VM operation: Cleanup done
Event: 98.741 Executing VM operation: Cleanup
Event: 98.741 Executing VM operation: Cleanup done
Event: 99.605 Executing VM operation: G1CollectForAllocation (G1 Evacuation Pause)
Event: 99.606 Executing VM operation: G1CollectForAllocation (G1 Evacuation Pause) done
Event: 100.607 Executing VM operation: Cleanup
Event: 100.607 Executing VM operation: Cleanup done
Event: 102.607 Executing VM operation: Cleanup
Event: 102.607 Executing VM operation: Cleanup done

Memory protections (0 events):
No events

Nmethod flushes (20 events):
Event: 94.736 Thread 0x00000268fce94510 flushing  nmethod 0x00000268e6070910
Event: 94.736 Thread 0x00000268fce94510 flushing  nmethod 0x00000268e6071790
Event: 94.736 Thread 0x00000268fce94510 flushing  nmethod 0x00000268e6072110
Event: 94.736 Thread 0x00000268fce94510 flushing  nmethod 0x00000268e6072b10
Event: 94.736 Thread 0x00000268fce94510 flushing  nmethod 0x00000268e6073210
Event: 94.736 Thread 0x00000268fce94510 flushing  nmethod 0x00000268e6073f10
Event: 94.736 Thread 0x00000268fce94510 flushing  nmethod 0x00000268e6111510
Event: 94.736 Thread 0x00000268fce94510 flushing  nmethod 0x00000268e6111e10
Event: 94.736 Thread 0x00000268fce94510 flushing  nmethod 0x00000268e6112590
Event: 94.736 Thread 0x00000268fce94510 flushing  nmethod 0x00000268e6114710
Event: 94.736 Thread 0x00000268fce94510 flushing  nmethod 0x00000268e6115810
Event: 94.736 Thread 0x00000268fce94510 flushing  nmethod 0x00000268e6115c90
Event: 94.736 Thread 0x00000268fce94510 flushing  nmethod 0x00000268e6116090
Event: 94.736 Thread 0x00000268fce94510 flushing  nmethod 0x00000268e6116510
Event: 94.736 Thread 0x00000268fce94510 flushing  nmethod 0x00000268e6116810
Event: 94.736 Thread 0x00000268fce94510 flushing  nmethod 0x00000268e6116d90
Event: 94.736 Thread 0x00000268fce94510 flushing  nmethod 0x00000268e6230390
Event: 94.736 Thread 0x00000268fce94510 flushing  nmethod 0x00000268e6237010
Event: 94.736 Thread 0x00000268fce94510 flushing  nmethod 0x00000268e6237d10
Event: 94.736 Thread 0x00000268fce94510 flushing  nmethod 0x00000268e6238190

Events (20 events):
Event: 31.800 Thread 0x00000268fced4db0 Thread added: 0x00000268c67029a0
Event: 32.129 Thread 0x00000268c8682f10 Thread added: 0x00000268c7f8a260
Event: 32.130 Thread 0x00000268c7f8a260 Thread added: 0x00000268c7f89540
Event: 32.130 Thread 0x00000268c7f8a260 Thread exited: 0x00000268c7f8a260
Event: 32.656 Thread 0x00000268c67029a0 Thread exited: 0x00000268c67029a0
Event: 37.792 Thread 0x00000268c67022d0 Thread exited: 0x00000268c67022d0
Event: 43.175 Thread 0x00000268c5148090 Thread added: 0x00000268c6704bb0
Event: 43.175 Thread 0x00000268c5148090 Thread added: 0x00000268c67022d0
Event: 44.177 Thread 0x00000268c67022d0 Thread exited: 0x00000268c67022d0
Event: 45.181 Thread 0x00000268c6704bb0 Thread exited: 0x00000268c6704bb0
Event: 77.287 Thread 0x00000268fced4db0 Thread added: 0x00000268c6704bb0
Event: 77.643 Thread 0x00000268c6704bb0 Thread exited: 0x00000268c6704bb0
Event: 82.330 Thread 0x00000268fced4db0 Thread added: 0x00000268c6703e10
Event: 82.330 Thread 0x00000268fced4db0 Thread added: 0x00000268c6704bb0
Event: 85.360 Thread 0x00000268c6704bb0 Thread exited: 0x00000268c6704bb0
Event: 85.679 Thread 0x00000268c6703e10 Thread exited: 0x00000268c6703e10
Event: 101.681 Thread 0x00000268fced4db0 Thread added: 0x00000268c6704bb0
Event: 101.681 Thread 0x00000268fced4db0 Thread added: 0x00000268c67029a0
Event: 102.370 Thread 0x00000268c67029a0 Thread exited: 0x00000268c67029a0
Event: 102.370 Thread 0x00000268c6704bb0 Thread exited: 0x00000268c6704bb0


Dynamic libraries:
0x00007ff631e60000 - 0x00007ff631e70000 	C:\Program Files\Java\jdk-22\bin\java.exe
0x00007ff9cb3e0000 - 0x00007ff9cb643000 	C:\WINDOWS\SYSTEM32\ntdll.dll
0x00007ff9caa90000 - 0x00007ff9cab57000 	C:\WINDOWS\System32\KERNEL32.DLL
0x00007ff9c8ac0000 - 0x00007ff9c8e87000 	C:\WINDOWS\System32\KERNELBASE.dll
0x00007ff9c8f50000 - 0x00007ff9c909c000 	C:\WINDOWS\System32\ucrtbase.dll
0x00007ff98f680000 - 0x00007ff98f697000 	C:\Program Files\Java\jdk-22\bin\jli.dll
0x00007ff98f540000 - 0x00007ff98f55b000 	C:\Program Files\Java\jdk-22\bin\VCRUNTIME140.dll
0x00007ff9cb110000 - 0x00007ff9cb2d9000 	C:\WINDOWS\System32\USER32.dll
0x00007ff9c8830000 - 0x00007ff9c8857000 	C:\WINDOWS\System32\win32u.dll
0x00007ff9caf30000 - 0x00007ff9caf5a000 	C:\WINDOWS\System32\GDI32.dll
0x00007ff9bae80000 - 0x00007ff9bb110000 	C:\WINDOWS\WinSxS\amd64_microsoft.windows.common-controls_6595b64144ccf1df_6.0.26100.3037_none_3e09262ce333c378\COMCTL32.dll
0x00007ff9c8860000 - 0x00007ff9c898b000 	C:\WINDOWS\System32\gdi32full.dll
0x00007ff9ca3c0000 - 0x00007ff9ca469000 	C:\WINDOWS\System32\msvcrt.dll
0x00007ff9c8780000 - 0x00007ff9c8823000 	C:\WINDOWS\System32\msvcp_win.dll
0x00007ff9ca130000 - 0x00007ff9ca15f000 	C:\WINDOWS\System32\IMM32.DLL
0x00007ff9ba900000 - 0x00007ff9ba90c000 	C:\Program Files\Java\jdk-22\bin\vcruntime140_1.dll
0x00007ff94c810000 - 0x00007ff94c89e000 	C:\Program Files\Java\jdk-22\bin\msvcp140.dll
0x00007ff93d3e0000 - 0x00007ff93e129000 	C:\Program Files\Java\jdk-22\bin\server\jvm.dll
0x00007ff9cb2e0000 - 0x00007ff9cb394000 	C:\WINDOWS\System32\ADVAPI32.dll
0x00007ff9cae80000 - 0x00007ff9caf26000 	C:\WINDOWS\System32\sechost.dll
0x00007ff9cad60000 - 0x00007ff9cae76000 	C:\WINDOWS\System32\RPCRT4.dll
0x00007ff9cab60000 - 0x00007ff9cabd4000 	C:\WINDOWS\System32\WS2_32.dll
0x00007ff9c8610000 - 0x00007ff9c865e000 	C:\WINDOWS\SYSTEM32\POWRPROF.dll
0x00007ff9bb780000 - 0x00007ff9bb7b6000 	C:\WINDOWS\SYSTEM32\WINMM.dll
0x00007ff9b7af0000 - 0x00007ff9b7afb000 	C:\WINDOWS\SYSTEM32\VERSION.dll
0x00007ff9c85f0000 - 0x00007ff9c8604000 	C:\WINDOWS\SYSTEM32\UMPDC.dll
0x00007ff9c7570000 - 0x00007ff9c758a000 	C:\WINDOWS\SYSTEM32\kernel.appcore.dll
0x00007ff9b6e30000 - 0x00007ff9b6e3a000 	C:\Program Files\Java\jdk-22\bin\jimage.dll
0x00007ff9c5630000 - 0x00007ff9c5871000 	C:\WINDOWS\SYSTEM32\DBGHELP.DLL
0x00007ff9ca610000 - 0x00007ff9ca98e000 	C:\WINDOWS\System32\combase.dll
0x00007ff9ca2e0000 - 0x00007ff9ca3b6000 	C:\WINDOWS\System32\OLEAUT32.dll
0x00007ff9a7c10000 - 0x00007ff9a7c49000 	C:\WINDOWS\SYSTEM32\dbgcore.DLL
0x00007ff9c8990000 - 0x00007ff9c8a29000 	C:\WINDOWS\System32\bcryptPrimitives.dll
0x00007ff983960000 - 0x00007ff98397e000 	C:\Program Files\Java\jdk-22\bin\java.dll
0x00007ff9c94b0000 - 0x00007ff9c9bb4000 	C:\WINDOWS\System32\SHELL32.dll
0x00007ff9ca470000 - 0x00007ff9ca605000 	C:\WINDOWS\System32\ole32.dll
0x00007ff9c6440000 - 0x00007ff9c6c77000 	C:\WINDOWS\SYSTEM32\windows.storage.dll
0x00007ff9ca9a0000 - 0x00007ff9caa89000 	C:\WINDOWS\System32\SHCORE.dll
0x00007ff9ca0a0000 - 0x00007ff9ca0fd000 	C:\WINDOWS\System32\shlwapi.dll
0x00007ff9c8690000 - 0x00007ff9c86be000 	C:\WINDOWS\SYSTEM32\profapi.dll
0x00007ff948850000 - 0x00007ff948927000 	C:\Program Files\Java\jdk-22\bin\jsvml.dll
0x00007ff9bae40000 - 0x00007ff9bae50000 	C:\Program Files\Java\jdk-22\bin\net.dll
0x00007ff9c7a60000 - 0x00007ff9c7aca000 	C:\WINDOWS\system32\mswsock.dll
0x00007ff9b88e0000 - 0x00007ff9b88f6000 	C:\Program Files\Java\jdk-22\bin\nio.dll
0x00007ff9b88c0000 - 0x00007ff9b88d7000 	C:\Program Files\Java\jdk-22\bin\zip.dll
0x00007ff9b3690000 - 0x00007ff9b36b4000 	C:\ProgramData\chocolatey\lib\maven\apache-maven-3.9.9\lib\jansi-native\Windows\x86_64\jansi.dll
0x00007ff9b8880000 - 0x00007ff9b8890000 	C:\Program Files\Java\jdk-22\bin\verify.dll
0x00000268ca150000 - 0x00000268ca153000 	C:\Users\Admin\.openjfx\cache\23+29\amd64\api-ms-win-core-console-l1-1-0.dll
0x00000268c9d80000 - 0x00000268c9d83000 	C:\Users\Admin\.openjfx\cache\23+29\amd64\api-ms-win-core-console-l1-2-0.dll
0x00000268c9d90000 - 0x00000268c9d93000 	C:\Users\Admin\.openjfx\cache\23+29\amd64\api-ms-win-core-datetime-l1-1-0.dll
0x00000268c9da0000 - 0x00000268c9da3000 	C:\Users\Admin\.openjfx\cache\23+29\amd64\api-ms-win-core-debug-l1-1-0.dll
0x00000268c9db0000 - 0x00000268c9db3000 	C:\Users\Admin\.openjfx\cache\23+29\amd64\api-ms-win-core-errorhandling-l1-1-0.dll
0x00000268c9dc0000 - 0x00000268c9dc4000 	C:\Users\Admin\.openjfx\cache\23+29\amd64\api-ms-win-core-file-l1-1-0.dll
0x00000268c9dd0000 - 0x00000268c9dd3000 	C:\Users\Admin\.openjfx\cache\23+29\amd64\api-ms-win-core-file-l1-2-0.dll
0x00000268c9de0000 - 0x00000268c9de3000 	C:\Users\Admin\.openjfx\cache\23+29\amd64\api-ms-win-core-file-l2-1-0.dll
0x00000268c9df0000 - 0x00000268c9df3000 	C:\Users\Admin\.openjfx\cache\23+29\amd64\api-ms-win-core-handle-l1-1-0.dll
0x00000268c9e00000 - 0x00000268c9e03000 	C:\Users\Admin\.openjfx\cache\23+29\amd64\api-ms-win-core-heap-l1-1-0.dll
0x00000268ca090000 - 0x00000268ca093000 	C:\Users\Admin\.openjfx\cache\23+29\amd64\api-ms-win-core-interlocked-l1-1-0.dll
0x00000268ca0a0000 - 0x00000268ca0a3000 	C:\Users\Admin\.openjfx\cache\23+29\amd64\api-ms-win-core-libraryloader-l1-1-0.dll
0x00000268ca0b0000 - 0x00000268ca0b3000 	C:\Users\Admin\.openjfx\cache\23+29\amd64\api-ms-win-core-localization-l1-2-0.dll
0x00000268ca0c0000 - 0x00000268ca0c3000 	C:\Users\Admin\.openjfx\cache\23+29\amd64\api-ms-win-core-memory-l1-1-0.dll
0x00000268ca0d0000 - 0x00000268ca0d3000 	C:\Users\Admin\.openjfx\cache\23+29\amd64\api-ms-win-core-namedpipe-l1-1-0.dll
0x00000268ca080000 - 0x00000268ca083000 	C:\Users\Admin\.openjfx\cache\23+29\amd64\api-ms-win-core-processenvironment-l1-1-0.dll
0x00000268c9f60000 - 0x00000268c9f63000 	C:\Users\Admin\.openjfx\cache\23+29\amd64\api-ms-win-core-processthreads-l1-1-0.dll
0x00000268c9f70000 - 0x00000268c9f73000 	C:\Users\Admin\.openjfx\cache\23+29\amd64\api-ms-win-core-processthreads-l1-1-1.dll
0x00000268c9f80000 - 0x00000268c9f83000 	C:\Users\Admin\.openjfx\cache\23+29\amd64\api-ms-win-core-profile-l1-1-0.dll
0x00000268c9f90000 - 0x00000268c9f93000 	C:\Users\Admin\.openjfx\cache\23+29\amd64\api-ms-win-core-rtlsupport-l1-1-0.dll
0x00000268c9fa0000 - 0x00000268c9fa3000 	C:\Users\Admin\.openjfx\cache\23+29\amd64\api-ms-win-core-string-l1-1-0.dll
0x00000268c9fb0000 - 0x00000268c9fb3000 	C:\Users\Admin\.openjfx\cache\23+29\amd64\api-ms-win-core-synch-l1-1-0.dll
0x00000268c9fc0000 - 0x00000268c9fc3000 	C:\Users\Admin\.openjfx\cache\23+29\amd64\api-ms-win-core-synch-l1-2-0.dll
0x00000268c9fd0000 - 0x00000268c9fd3000 	C:\Users\Admin\.openjfx\cache\23+29\amd64\api-ms-win-core-sysinfo-l1-1-0.dll
0x00000268c9fe0000 - 0x00000268c9fe3000 	C:\Users\Admin\.openjfx\cache\23+29\amd64\api-ms-win-core-timezone-l1-1-0.dll
0x00000268c9ff0000 - 0x00000268c9ff3000 	C:\Users\Admin\.openjfx\cache\23+29\amd64\api-ms-win-core-util-l1-1-0.dll
0x00000268ca000000 - 0x00000268ca003000 	C:\Users\Admin\.openjfx\cache\23+29\amd64\api-ms-win-crt-conio-l1-1-0.dll
0x00000268ca010000 - 0x00000268ca014000 	C:\Users\Admin\.openjfx\cache\23+29\amd64\api-ms-win-crt-convert-l1-1-0.dll
0x00000268c9e10000 - 0x00000268c9e13000 	C:\Users\Admin\.openjfx\cache\23+29\amd64\api-ms-win-crt-environment-l1-1-0.dll
0x00000268c9e20000 - 0x00000268c9e23000 	C:\Users\Admin\.openjfx\cache\23+29\amd64\api-ms-win-crt-filesystem-l1-1-0.dll
0x00000268c9e30000 - 0x00000268c9e33000 	C:\Users\Admin\.openjfx\cache\23+29\amd64\api-ms-win-crt-heap-l1-1-0.dll
0x00000268c9e40000 - 0x00000268c9e43000 	C:\Users\Admin\.openjfx\cache\23+29\amd64\api-ms-win-crt-locale-l1-1-0.dll
0x00000268c9e50000 - 0x00000268c9e55000 	C:\Users\Admin\.openjfx\cache\23+29\amd64\api-ms-win-crt-math-l1-1-0.dll
0x00000268c9e60000 - 0x00000268c9e65000 	C:\Users\Admin\.openjfx\cache\23+29\amd64\api-ms-win-crt-multibyte-l1-1-0.dll
0x00000268c9e70000 - 0x00000268c9e80000 	C:\Users\Admin\.openjfx\cache\23+29\amd64\api-ms-win-crt-private-l1-1-0.dll
0x00000268c9e80000 - 0x00000268c9e83000 	C:\Users\Admin\.openjfx\cache\23+29\amd64\api-ms-win-crt-process-l1-1-0.dll
0x00000268c9e90000 - 0x00000268c9e94000 	C:\Users\Admin\.openjfx\cache\23+29\amd64\api-ms-win-crt-runtime-l1-1-0.dll
0x00000268c9ea0000 - 0x00000268c9ea4000 	C:\Users\Admin\.openjfx\cache\23+29\amd64\api-ms-win-crt-stdio-l1-1-0.dll
0x00000268c9eb0000 - 0x00000268c9eb4000 	C:\Users\Admin\.openjfx\cache\23+29\amd64\api-ms-win-crt-string-l1-1-0.dll
0x00000268c9ec0000 - 0x00000268c9ec3000 	C:\Users\Admin\.openjfx\cache\23+29\amd64\api-ms-win-crt-time-l1-1-0.dll
0x00000268c9ed0000 - 0x00000268c9ed3000 	C:\Users\Admin\.openjfx\cache\23+29\amd64\api-ms-win-crt-utility-l1-1-0.dll
0x00007ff8ae730000 - 0x00007ff8ae82c000 	C:\Users\Admin\.openjfx\cache\23+29\amd64\ucrtbase.dll
0x00007ff9b35f0000 - 0x00007ff9b360b000 	C:\Users\Admin\.openjfx\cache\23+29\amd64\vcruntime140.dll
0x00007ff9c3750000 - 0x00007ff9c375c000 	C:\Users\Admin\.openjfx\cache\23+29\amd64\vcruntime140_1.dll
0x00007ff89dc10000 - 0x00007ff89dc9e000 	C:\Users\Admin\.openjfx\cache\23+29\amd64\msvcp140.dll
0x00007ff9b3680000 - 0x00007ff9b3689000 	C:\Users\Admin\.openjfx\cache\23+29\amd64\msvcp140_1.dll
0x00007ff9880c0000 - 0x00007ff988101000 	C:\Users\Admin\.openjfx\cache\23+29\amd64\msvcp140_2.dll
0x00007ff988090000 - 0x00007ff9880c0000 	C:\Users\Admin\.openjfx\cache\23+29\amd64\prism_d3d.dll
0x00007ff9a98d0000 - 0x00007ff9a9a7c000 	C:\WINDOWS\system32\d3d9.dll
0x00007ff9c58f0000 - 0x00007ff9c591e000 	C:\WINDOWS\SYSTEM32\dwmapi.dll
0x00007ff9c5940000 - 0x00007ff9c5987000 	C:\WINDOWS\SYSTEM32\dxcore.dll
0x00007ff9c4b20000 - 0x00007ff9c4bcd000 	C:\WINDOWS\system32\uxtheme.dll
0x00007ff981ed0000 - 0x00007ff981f92000 	C:\WINDOWS\System32\DriverStore\FileRepository\nvltsi.inf_amd64_16678c565d093b7e\nvldumdx.dll
0x00007ff9c7e70000 - 0x00007ff9c7e83000 	C:\WINDOWS\SYSTEM32\msasn1.dll
0x00007ff9b7340000 - 0x00007ff9b737b000 	C:\WINDOWS\SYSTEM32\cryptnet.dll
0x00007ff9c90a0000 - 0x00007ff9c9216000 	C:\WINDOWS\System32\CRYPT32.dll
0x00007ff9c7c90000 - 0x00007ff9c7c9c000 	C:\WINDOWS\SYSTEM32\cryptbase.dll
0x00007ff9c7d30000 - 0x00007ff9c7d8d000 	C:\WINDOWS\SYSTEM32\wldp.dll
0x00007ff9b71c0000 - 0x00007ff9b7339000 	C:\WINDOWS\SYSTEM32\drvstore.dll
0x00007ff9c8340000 - 0x00007ff9c836d000 	C:\WINDOWS\SYSTEM32\devobj.dll
0x00007ff9c82d0000 - 0x00007ff9c832f000 	C:\WINDOWS\SYSTEM32\cfgmgr32.dll
0x00007ff9c8a30000 - 0x00007ff9c8aaf000 	C:\WINDOWS\System32\wintrust.dll
0x00007ff9ca100000 - 0x00007ff9ca120000 	C:\WINDOWS\System32\imagehlp.dll
0x00007ff9c7e10000 - 0x00007ff9c7e2c000 	C:\WINDOWS\SYSTEM32\CRYPTSP.dll
0x00007ff9c74d0000 - 0x00007ff9c7508000 	C:\WINDOWS\system32\rsaenh.dll
0x00007ff9c7fa0000 - 0x00007ff9c7fc6000 	C:\WINDOWS\SYSTEM32\bcrypt.dll
0x00007ff954510000 - 0x00007ff957caa000 	C:\WINDOWS\System32\DriverStore\FileRepository\nvltsi.inf_amd64_16678c565d093b7e\nvgpucomp64.dll
0x00007ff981df0000 - 0x00007ff981ec7000 	C:\WINDOWS\System32\DriverStore\FileRepository\nvltsi.inf_amd64_16678c565d093b7e\NvMemMapStoragex.dll
0x00007ff949e90000 - 0x00007ff94bf57000 	C:\WINDOWS\System32\DriverStore\FileRepository\nvltsi.inf_amd64_16678c565d093b7e\nvd3dumx.dll
0x00007ff9c5990000 - 0x00007ff9c59ec000 	C:\WINDOWS\SYSTEM32\directxdatabasehelper.dll
0x00007ff929b30000 - 0x00007ff929b75000 	C:\Users\Admin\.openjfx\cache\23+29\amd64\glass.dll
0x00007ff9cac60000 - 0x00007ff9cad4f000 	C:\WINDOWS\System32\COMDLG32.dll
0x00007ff9ca180000 - 0x00007ff9ca2dc000 	C:\WINDOWS\System32\MSCTF.dll
0x00007ff94e740000 - 0x00007ff94ea44000 	C:\WINDOWS\system32\nvspcap64.dll
0x00007ff9c7690000 - 0x00007ff9c76c5000 	C:\WINDOWS\SYSTEM32\ntmarta.dll
0x00007ff9c7ad0000 - 0x00007ff9c7af7000 	C:\WINDOWS\SYSTEM32\gpapi.dll
0x00007ff97cd20000 - 0x00007ff97ced4000 	C:\WINDOWS\System32\DriverStore\FileRepository\nvltsi.inf_amd64_16678c565d093b7e\nvppex.dll
0x00007ff9cafd0000 - 0x00007ff9cb078000 	C:\WINDOWS\System32\clbcatq.dll
0x00007ff9b1b00000 - 0x00007ff9b1c55000 	C:\Windows\System32\Windows.UI.dll
0x00007ff9b0380000 - 0x00007ff9b04cc000 	C:\Windows\System32\Windows.UI.Immersive.dll
0x00007ff9b35c0000 - 0x00007ff9b35d5000 	C:\Users\Admin\.openjfx\cache\23+29\amd64\javafx_font.dll

dbghelp: loaded successfully - version: 4.0.5 - missing functions: none
symbol engine: initialized successfully - sym options: 0x614 - pdb path: .;C:\Program Files\Java\jdk-22\bin;C:\WINDOWS\SYSTEM32;C:\WINDOWS\WinSxS\amd64_microsoft.windows.common-controls_6595b64144ccf1df_6.0.26100.3037_none_3e09262ce333c378;C:\Program Files\Java\jdk-22\bin\server;C:\ProgramData\chocolatey\lib\maven\apache-maven-3.9.9\lib\jansi-native\Windows\x86_64;C:\Users\Admin\.openjfx\cache\23+29\amd64;C:\WINDOWS\System32\DriverStore\FileRepository\nvltsi.inf_amd64_16678c565d093b7e;C:\Program Files\Common Files\Microsoft Shared\Ink

VM Arguments:
jvm_args: -Dclassworlds.conf=C:\ProgramData\chocolatey\lib\maven\apache-maven-3.9.9\bin\m2.conf -Dmaven.home=C:\ProgramData\chocolatey\lib\maven\apache-maven-3.9.9 -Dlibrary.jansi.path=C:\ProgramData\chocolatey\lib\maven\apache-maven-3.9.9\lib\jansi-native -Dmaven.multiModuleProjectDirectory=C:\Users\Admin\Downloads\javarpg-main\javarpg-main 
java_command: org.codehaus.plexus.classworlds.launcher.Launcher exec:java
java_class_path (initial): C:\ProgramData\chocolatey\lib\maven\apache-maven-3.9.9\boot\plexus-classworlds-2.8.0.jar
Launcher Type: SUN_STANDARD

[Global flags]
     intx CICompilerCount                          = 12                                        {product} {ergonomic}
     uint ConcGCThreads                            = 3                                         {product} {ergonomic}
     uint G1ConcRefinementThreads                  = 13                                        {product} {ergonomic}
   size_t G1HeapRegionSize                         = 2097152                                   {product} {ergonomic}
   size_t InitialHeapSize                          = 255852544                                 {product} {ergonomic}
   size_t MarkStackSize                            = 4194304                                   {product} {ergonomic}
   size_t MaxHeapSize                              = 4078960640                                {product} {ergonomic}
   size_t MaxNewSize                               = 2447376384                                {product} {ergonomic}
   size_t MinHeapDeltaBytes                        = 2097152                                   {product} {ergonomic}
   size_t MinHeapSize                              = 8388608                                   {product} {ergonomic}
    uintx NonNMethodCodeHeapSize                   = 7602480                                {pd product} {ergonomic}
    uintx NonProfiledCodeHeapSize                  = 122027880                              {pd product} {ergonomic}
    uintx ProfiledCodeHeapSize                     = 122027880                              {pd product} {ergonomic}
    uintx ReservedCodeCacheSize                    = 251658240                              {pd product} {ergonomic}
     bool SegmentedCodeCache                       = true                                      {product} {ergonomic}
   size_t SoftMaxHeapSize                          = 4078960640                             {manageable} {ergonomic}
     bool UseCompressedOops                        = true                           {product lp64_product} {ergonomic}
     bool UseG1GC                                  = true                                      {product} {ergonomic}
     bool UseLargePagesIndividualAllocation        = false                                  {pd product} {ergonomic}

Logging:
Log output configuration:
 #0: stdout all=warning uptime,level,tags foldmultilines=false
 #1: stderr all=off uptime,level,tags foldmultilines=false

Environment Variables:
PATH=C:\Python313\Scripts\;C:\Python313\;C:\Program Files\Common Files\Oracle\Java\javapath;C:\Program Files (x86)\Common Files\Intel\Shared Libraries\redist\intel64\compiler;C:\Program Files (x86)\Common Files\Oracle\Java\java8path;C:\Program Files (x86)\Common Files\Oracle\Java\javapath;C:\Windows\system32;C:\Windows;C:\Windows\System32\Wbem;C:\Windows\System32\WindowsPowerShell\v1.0\;C:\Windows\System32\OpenSSH\;C:\Program Files (x86)\NVIDIA Corporation\PhysX\Common;C:\WINDOWS\system32;C:\WINDOWS;C:\WINDOWS\System32\Wbem;C:\WINDOWS\System32\WindowsPowerShell\v1.0\;C:\WINDOWS\System32\OpenSSH\;C:\Program Files\dotnet\;C:\Program Files\NVIDIA Corporation\NVIDIA app\NvDLISR;D:\Node.js\;C:\ProgramData\chocolatey\bin;C:\ProgramData\chocolatey\lib\maven\apache-maven-3.9.9\bin;C:\Program Files\Git\cmd;C:\Users\Admin\AppData\Local\Programs\Python\Python312\Scripts\;C:\Users\Admin\AppData\Local\Programs\Python\Python312\;C:\Users\Admin\AppData\Local\Microsoft\WindowsApps;C:\Users\Admin\AppData\Local\Programs\Microsoft VS Code\bin;C:\Users\Admin\AppData\Local\Android\Sdk\platform-tools;D:\JetBrains\IntelliJ IDEA 2024.2.3\bin;D:\JetBrains\CLion\CLion 2024.3.2\bin;C:\Users\Admin\.fly\bin;C:\Users\Admin\AppData\Roaming\npm;C:\ProgramData\chocolatey\lib\maven\apache-maven-3.9.9\bin;
USERNAME=Admin
OS=Windows_NT
PROCESSOR_IDENTIFIER=AMD64 Family 25 Model 68 Stepping 1, AuthenticAMD
TMP=C:\Users\Admin\AppData\Local\Temp
TEMP=C:\Users\Admin\AppData\Local\Temp




Periodic native trim disabled

---------------  S Y S T E M  ---------------

OS:
 Windows 11 , 64 bit Build 26100 (10.0.26100.3037)
OS uptime: 0 days 5:04 hours
Hyper-V role detected

CPU: total 16 (initial active 16) (16 cores per cpu, 2 threads per core) family 25 model 68 stepping 1 microcode 0xa404102, cx8, cmov, fxsr, ht, mmx, 3dnowpref, sse, sse2, sse3, ssse3, sse4a, sse4.1, sse4.2, popcnt, lzcnt, tsc, tscinvbit, avx, avx2, aes, erms, clmul, bmi1, bmi2, adx, sha, fma, vzeroupper, clflush, clflushopt, hv, rdtscp, rdpid, fsrm, f16c, cet_ss
Processor Information for all 16 processors :
  Max Mhz: 3201, Current Mhz: 3201, Mhz Limit: 3201

Memory: 4k page, system-wide physical 15557M (2783M free)
TotalPageFile size 29055M (AvailPageFile size 4M)
current process WorkingSet (physical memory assigned to process): 295M, peak: 319M
current process commit charge ("private bytes"): 508M, peak: 508M

vm_info: Java HotSpot(TM) 64-Bit Server VM (22.0.2+9-70) for windows-amd64 JRE (22.0.2+9-70), built on 2024-06-04T16:52:23Z by "mach5one" with MS VC++ 17.6 (VS2022)

END.
